This file contains any messages produced by compilers while
running configure, to aid debugging if configure makes a mistake.

It was created by GNU FriBidi configure 0.19.2, which was
generated by GNU Autoconf 2.63.  Invocation command line was

  $ ./configure --host=ppc --disable-shared --prefix=/usr/local/xenon/usr host_alias=ppc CC=xenon-gcc CFLAGS=-m32 -fno-pic -mpowerpc64 -I/usr/local/xenon/usr/include/ -Wall -Ilibxenon_miss LDFLAGS=-m32 -maltivec -fno-pic -mpowerpc64 -L/usr/local/xenon/usr/lib/ -L/usr/local/xenon/xenon/lib/32/ -lxenon -T/usr/local/xenon/app.lds -u read -u _start -u exc_base --no-create --no-recursion

## --------- ##
## Platform. ##
## --------- ##

hostname = debian
uname -m = x86_64
uname -r = 3.2.0-2-amd64
uname -s = Linux
uname -v = #1 SMP Tue Mar 20 18:36:37 UTC 2012

/usr/bin/uname -p = unknown
/bin/uname -X     = unknown

/bin/arch              = unknown
/usr/bin/arch -k       = unknown
/usr/convex/getsysinfo = unknown
/usr/bin/hostinfo      = unknown
/bin/machine           = unknown
/usr/bin/oslevel       = unknown
/bin/universe          = unknown

PATH: /usr/local/bin
PATH: /usr/bin
PATH: /bin
PATH: /usr/local/games
PATH: /usr/games
PATH: /usr/local/xenon/bin
PATH: /usr/local/xenon/usr/bin
PATH: /usr/local/xenon/bin
PATH: /usr/local/xenon/usr/bin
PATH: /usr/local/xenon/bin
PATH: /usr/local/xenon/usr/bin


## ----------- ##
## Core tests. ##
## ----------- ##

configure:2116: checking for a BSD-compatible install
configure:2184: result: /usr/bin/install -c
configure:2195: checking whether build environment is sane
configure:2238: result: yes
configure:2263: checking for a thread-safe mkdir -p
configure:2302: result: /bin/mkdir -p
configure:2315: checking for gawk
configure:2331: found /usr/bin/gawk
configure:2342: result: gawk
configure:2353: checking whether make sets $(MAKE)
configure:2375: result: yes
configure:2455: checking for ppc-strip
configure:2485: result: no
configure:2495: checking for strip
configure:2511: found /usr/bin/strip
configure:2522: result: strip
configure:2592: checking for ppc-gcc
configure:2619: result: xenon-gcc
configure:2891: checking for C compiler version
configure:2899: xenon-gcc --version >&5
xenon-gcc (GCC) 4.6.1
Copyright (C) 2011 Free Software Foundation, Inc.
This is free software; see the source for copying conditions.  There is NO
warranty; not even for MERCHANTABILITY or FITNESS FOR A PARTICULAR PURPOSE.

configure:2903: $? = 0
configure:2910: xenon-gcc -v >&5
Using built-in specs.
COLLECT_GCC=xenon-gcc
COLLECT_LTO_WRAPPER=/usr/local/xenon/libexec/gcc/xenon/4.6.1/lto-wrapper
Target: xenon
Configured with: ../gcc-4.6.1/configure --target=xenon --prefix=/usr/local/xenon --with-libiconv-prefix=/opt/local --with-cpu=cell --with-gmp=/opt/local --with-mpfr=/opt/local --disable-decimal-float --disable-libquadmath --enable-languages=c,c++ --disable-libssp --with-newlib --enable-cxx-flags=-G0 --disable-libmudflap --disable-nls --disable-shared --disable-linux-futex --enable-altivec --disable-threads --disable-libgomp
Thread model: single
gcc version 4.6.1 (GCC) 
configure:2914: $? = 0
configure:2921: xenon-gcc -V >&5
xenon-gcc: error: unrecognized option '-V'
xenon-gcc: fatal error: no input files
compilation terminated.
configure:2925: $? = 1
configure:2948: checking for C compiler default output file name
configure:2970: xenon-gcc -m32 -fno-pic -mpowerpc64 -I/usr/local/xenon/usr/include/ -Wall -Ilibxenon_miss  -m32 -maltivec -fno-pic -mpowerpc64 -L/usr/local/xenon/usr/lib/ -L/usr/local/xenon/xenon/lib/32/ -lxenon -T/usr/local/xenon/app.lds -u read -u _start -u exc_base conftest.c  >&5
configure:2974: $? = 0
configure:3012: result: a.out
configure:3031: checking whether the C compiler works
configure:3041: ./a.out
./configure: line 3043: ./a.out: cannot execute binary file
configure:3045: $? = 126
configure:3064: result: yes
configure:3071: checking whether we are cross compiling
configure:3073: result: yes
configure:3076: checking for suffix of executables
configure:3083: xenon-gcc -o conftest -m32 -fno-pic -mpowerpc64 -I/usr/local/xenon/usr/include/ -Wall -Ilibxenon_miss  -m32 -maltivec -fno-pic -mpowerpc64 -L/usr/local/xenon/usr/lib/ -L/usr/local/xenon/xenon/lib/32/ -lxenon -T/usr/local/xenon/app.lds -u read -u _start -u exc_base conftest.c  >&5
configure:3087: $? = 0
configure:3113: result: 
configure:3119: checking for suffix of object files
configure:3145: xenon-gcc -c -m32 -fno-pic -mpowerpc64 -I/usr/local/xenon/usr/include/ -Wall -Ilibxenon_miss  conftest.c >&5
configure:3149: $? = 0
configure:3174: result: o
configure:3178: checking whether we are using the GNU C compiler
configure:3207: xenon-gcc -c -m32 -fno-pic -mpowerpc64 -I/usr/local/xenon/usr/include/ -Wall -Ilibxenon_miss  conftest.c >&5
configure:3214: $? = 0
configure:3231: result: yes
configure:3240: checking whether xenon-gcc accepts -g
configure:3270: xenon-gcc -c -g  conftest.c >&5
configure:3277: $? = 0
configure:3378: result: yes
configure:3395: checking for xenon-gcc option to accept ISO C89
configure:3469: xenon-gcc  -c -m32 -fno-pic -mpowerpc64 -I/usr/local/xenon/usr/include/ -Wall -Ilibxenon_miss  conftest.c >&5
configure:3476: $? = 0
configure:3499: result: none needed
configure:3528: checking for style of include used by make
configure:3556: result: GNU
configure:3581: checking dependency style of xenon-gcc
configure:3672: result: gcc3
configure:3701: checking for a BSD-compatible install
configure:3769: result: /usr/bin/install -c
configure:3786: checking build system type
configure:3804: result: x86_64-unknown-linux-gnu
configure:3826: checking host system type
configure:3841: result: powerpc-unknown-none
configure:4191: checking for a sed that does not truncate output
configure:4257: result: /bin/sed
configure:4275: checking for grep that handles long lines and -e
configure:4335: result: /bin/grep
configure:4340: checking for egrep
configure:4404: result: /bin/grep -E
configure:4409: checking for fgrep
configure:4473: result: /bin/grep -F
configure:4508: checking for ld used by xenon-gcc
configure:4575: result: /usr/local/xenon/xenon/bin/ld
configure:4584: checking if the linker (/usr/local/xenon/xenon/bin/ld) is GNU ld
configure:4599: result: yes
configure:4611: checking for BSD- or MS-compatible name lister (nm)
configure:4660: result: no
configure:4671: checking for ppc-dumpbin
configure:4701: result: no
configure:4671: checking for ppc-link
configure:4701: result: no
configure:4715: checking for dumpbin
configure:4745: result: no
configure:4715: checking for link
configure:4731: found /usr/bin/link
configure:4742: result: link -dump -symbols
configure:4758: WARNING: using cross tools not prefixed with host triplet
configure:4778: checking the name lister (link -dump -symbols) interface
configure:4785: xenon-gcc -c -m32 -fno-pic -mpowerpc64 -I/usr/local/xenon/usr/include/ -Wall -Ilibxenon_miss  conftest.c >&5
configure:4788: link -dump -symbols "conftest.o"
link: invalid option -- 'd'
Try `link --help' for more information.
configure:4791: output
configure:4798: result: BSD nm
configure:4801: checking whether ln -s works
configure:4805: result: yes
configure:4813: checking the maximum length of command line arguments
configure:4933: result: 3458764513820540925
configure:4950: checking whether the shell understands some XSI constructs
configure:4960: result: yes
configure:4964: checking whether the shell understands "+="
configure:4970: result: yes
configure:5005: checking for /usr/local/xenon/xenon/bin/ld option to reload object files
configure:5012: result: -r
configure:5041: checking for ppc-objdump
configure:5068: result: objdump
configure:5137: checking how to recognize dependent libraries
configure:5333: result: unknown
configure:5353: checking for ppc-ar
configure:5383: result: no
configure:5393: checking for ar
configure:5409: found /usr/bin/ar
configure:5420: result: ar
configure:5458: checking for ppc-strip
configure:5485: result: strip
configure:5557: checking for ppc-ranlib
configure:5587: result: no
configure:5597: checking for ranlib
configure:5613: found /usr/bin/ranlib
configure:5624: result: ranlib
configure:5714: checking command to parse link -dump -symbols output from xenon-gcc object
configure:5832: xenon-gcc -c -m32 -fno-pic -mpowerpc64 -I/usr/local/xenon/usr/include/ -Wall -Ilibxenon_miss  conftest.c >&5
configure:5835: $? = 0
configure:5839: link -dump -symbols conftest.o \| sed -n -e 's/^.*[	 ]\([BCDEGRST][BCDEGRST]*\)[	 ][	 ]*\([_A-Za-z][_A-Za-z0-9]*\)$/\1 \2 \2/p' \> conftest.nm
link: invalid option -- 'd'
Try `link --help' for more information.
configure:5842: $? = 0
cannot run sed -n -e 's/^.*[	 ]\([BCDEGRST][BCDEGRST]*\)[	 ][	 ]*\([_A-Za-z][_A-Za-z0-9]*\)$/\1 \2 \2/p'
configure:5832: xenon-gcc -c -m32 -fno-pic -mpowerpc64 -I/usr/local/xenon/usr/include/ -Wall -Ilibxenon_miss  conftest.c >&5
configure:5835: $? = 0
configure:5839: link -dump -symbols conftest.o \| sed -n -e 's/^.*[	 ]\([BCDEGRST][BCDEGRST]*\)[	 ][	 ]*_\([_A-Za-z][_A-Za-z0-9]*\)$/\1 _\2 \2/p' \> conftest.nm
link: invalid option -- 'd'
Try `link --help' for more information.
configure:5842: $? = 0
cannot run sed -n -e 's/^.*[	 ]\([BCDEGRST][BCDEGRST]*\)[	 ][	 ]*_\([_A-Za-z][_A-Za-z0-9]*\)$/\1 _\2 \2/p'
configure:5934: result: failed
configure:6804: checking how to run the C preprocessor
configure:6844: xenon-gcc -E  conftest.c
configure:6851: $? = 0
configure:6882: xenon-gcc -E  conftest.c
conftest.c:10:28: fatal error: ac_nonexistent.h: No such file or directory
compilation terminated.
configure:6889: $? = 1
configure: failed program was:
| /* confdefs.h.  */
| #define PACKAGE_NAME "GNU FriBidi"
| #define PACKAGE_TARNAME "fribidi"
| #define PACKAGE_VERSION "0.19.2"
| #define PACKAGE_STRING "GNU FriBidi 0.19.2"
| #define PACKAGE_BUGREPORT "http://fribidi.org/bug"
| #define PACKAGE "fribidi"
| #define VERSION "0.19.2"
| /* end confdefs.h.  */
| #include <ac_nonexistent.h>
configure:6922: result: xenon-gcc -E
configure:6951: xenon-gcc -E  conftest.c
configure:6958: $? = 0
configure:6989: xenon-gcc -E  conftest.c
conftest.c:10:28: fatal error: ac_nonexistent.h: No such file or directory
compilation terminated.
configure:6996: $? = 1
configure: failed program was:
| /* confdefs.h.  */
| #define PACKAGE_NAME "GNU FriBidi"
| #define PACKAGE_TARNAME "fribidi"
| #define PACKAGE_VERSION "0.19.2"
| #define PACKAGE_STRING "GNU FriBidi 0.19.2"
| #define PACKAGE_BUGREPORT "http://fribidi.org/bug"
| #define PACKAGE "fribidi"
| #define VERSION "0.19.2"
| /* end confdefs.h.  */
| #include <ac_nonexistent.h>
configure:7036: checking for ANSI C header files
configure:7066: xenon-gcc -c -m32 -fno-pic -mpowerpc64 -I/usr/local/xenon/usr/include/ -Wall -Ilibxenon_miss  conftest.c >&5
configure:7073: $? = 0
configure:7204: result: yes
configure:7228: checking for sys/types.h
configure:7249: xenon-gcc -c -m32 -fno-pic -mpowerpc64 -I/usr/local/xenon/usr/include/ -Wall -Ilibxenon_miss  conftest.c >&5
configure:7256: $? = 0
configure:7273: result: yes
configure:7228: checking for sys/stat.h
configure:7249: xenon-gcc -c -m32 -fno-pic -mpowerpc64 -I/usr/local/xenon/usr/include/ -Wall -Ilibxenon_miss  conftest.c >&5
configure:7256: $? = 0
configure:7273: result: yes
configure:7228: checking for stdlib.h
configure:7249: xenon-gcc -c -m32 -fno-pic -mpowerpc64 -I/usr/local/xenon/usr/include/ -Wall -Ilibxenon_miss  conftest.c >&5
configure:7256: $? = 0
configure:7273: result: yes
configure:7228: checking for string.h
configure:7249: xenon-gcc -c -m32 -fno-pic -mpowerpc64 -I/usr/local/xenon/usr/include/ -Wall -Ilibxenon_miss  conftest.c >&5
configure:7256: $? = 0
configure:7273: result: yes
configure:7228: checking for memory.h
configure:7249: xenon-gcc -c -m32 -fno-pic -mpowerpc64 -I/usr/local/xenon/usr/include/ -Wall -Ilibxenon_miss  conftest.c >&5
conftest.c:49:20: fatal error: memory.h: No such file or directory
compilation terminated.
configure:7256: $? = 1
configure: failed program was:
| /* confdefs.h.  */
| #define PACKAGE_NAME "GNU FriBidi"
| #define PACKAGE_TARNAME "fribidi"
| #define PACKAGE_VERSION "0.19.2"
| #define PACKAGE_STRING "GNU FriBidi 0.19.2"
| #define PACKAGE_BUGREPORT "http://fribidi.org/bug"
| #define PACKAGE "fribidi"
| #define VERSION "0.19.2"
| #define STDC_HEADERS 1
| #define HAVE_SYS_TYPES_H 1
| #define HAVE_SYS_STAT_H 1
| #define HAVE_STDLIB_H 1
| #define HAVE_STRING_H 1
| /* end confdefs.h.  */
| #include <stdio.h>
| #ifdef HAVE_SYS_TYPES_H
| # include <sys/types.h>
| #endif
| #ifdef HAVE_SYS_STAT_H
| # include <sys/stat.h>
| #endif
| #ifdef STDC_HEADERS
| # include <stdlib.h>
| # include <stddef.h>
| #else
| # ifdef HAVE_STDLIB_H
| #  include <stdlib.h>
| # endif
| #endif
| #ifdef HAVE_STRING_H
| # if !defined STDC_HEADERS && defined HAVE_MEMORY_H
| #  include <memory.h>
| # endif
| # include <string.h>
| #endif
| #ifdef HAVE_STRINGS_H
| # include <strings.h>
| #endif
| #ifdef HAVE_INTTYPES_H
| # include <inttypes.h>
| #endif
| #ifdef HAVE_STDINT_H
| # include <stdint.h>
| #endif
| #ifdef HAVE_UNISTD_H
| # include <unistd.h>
| #endif
| 
| #include <memory.h>
configure:7273: result: no
configure:7228: checking for strings.h
configure:7249: xenon-gcc -c -m32 -fno-pic -mpowerpc64 -I/usr/local/xenon/usr/include/ -Wall -Ilibxenon_miss  conftest.c >&5
conftest.c:49:21: fatal error: strings.h: No such file or directory
compilation terminated.
configure:7256: $? = 1
configure: failed program was:
| /* confdefs.h.  */
| #define PACKAGE_NAME "GNU FriBidi"
| #define PACKAGE_TARNAME "fribidi"
| #define PACKAGE_VERSION "0.19.2"
| #define PACKAGE_STRING "GNU FriBidi 0.19.2"
| #define PACKAGE_BUGREPORT "http://fribidi.org/bug"
| #define PACKAGE "fribidi"
| #define VERSION "0.19.2"
| #define STDC_HEADERS 1
| #define HAVE_SYS_TYPES_H 1
| #define HAVE_SYS_STAT_H 1
| #define HAVE_STDLIB_H 1
| #define HAVE_STRING_H 1
| /* end confdefs.h.  */
| #include <stdio.h>
| #ifdef HAVE_SYS_TYPES_H
| # include <sys/types.h>
| #endif
| #ifdef HAVE_SYS_STAT_H
| # include <sys/stat.h>
| #endif
| #ifdef STDC_HEADERS
| # include <stdlib.h>
| # include <stddef.h>
| #else
| # ifdef HAVE_STDLIB_H
| #  include <stdlib.h>
| # endif
| #endif
| #ifdef HAVE_STRING_H
| # if !defined STDC_HEADERS && defined HAVE_MEMORY_H
| #  include <memory.h>
| # endif
| # include <string.h>
| #endif
| #ifdef HAVE_STRINGS_H
| # include <strings.h>
| #endif
| #ifdef HAVE_INTTYPES_H
| # include <inttypes.h>
| #endif
| #ifdef HAVE_STDINT_H
| # include <stdint.h>
| #endif
| #ifdef HAVE_UNISTD_H
| # include <unistd.h>
| #endif
| 
| #include <strings.h>
configure:7273: result: no
configure:7228: checking for inttypes.h
configure:7249: xenon-gcc -c -m32 -fno-pic -mpowerpc64 -I/usr/local/xenon/usr/include/ -Wall -Ilibxenon_miss  conftest.c >&5
configure:7256: $? = 0
configure:7273: result: yes
configure:7228: checking for stdint.h
configure:7249: xenon-gcc -c -m32 -fno-pic -mpowerpc64 -I/usr/local/xenon/usr/include/ -Wall -Ilibxenon_miss  conftest.c >&5
configure:7256: $? = 0
configure:7273: result: yes
configure:7228: checking for unistd.h
configure:7249: xenon-gcc -c -m32 -fno-pic -mpowerpc64 -I/usr/local/xenon/usr/include/ -Wall -Ilibxenon_miss  conftest.c >&5
configure:7256: $? = 0
configure:7273: result: yes
configure:7291: checking for dlfcn.h
configure:7312: xenon-gcc -c -m32 -fno-pic -mpowerpc64 -I/usr/local/xenon/usr/include/ -Wall -Ilibxenon_miss  conftest.c >&5
conftest.c:52:19: fatal error: dlfcn.h: No such file or directory
compilation terminated.
configure:7319: $? = 1
configure: failed program was:
| /* confdefs.h.  */
| #define PACKAGE_NAME "GNU FriBidi"
| #define PACKAGE_TARNAME "fribidi"
| #define PACKAGE_VERSION "0.19.2"
| #define PACKAGE_STRING "GNU FriBidi 0.19.2"
| #define PACKAGE_BUGREPORT "http://fribidi.org/bug"
| #define PACKAGE "fribidi"
| #define VERSION "0.19.2"
| #define STDC_HEADERS 1
| #define HAVE_SYS_TYPES_H 1
| #define HAVE_SYS_STAT_H 1
| #define HAVE_STDLIB_H 1
| #define HAVE_STRING_H 1
| #define HAVE_INTTYPES_H 1
| #define HAVE_STDINT_H 1
| #define HAVE_UNISTD_H 1
| /* end confdefs.h.  */
| #include <stdio.h>
| #ifdef HAVE_SYS_TYPES_H
| # include <sys/types.h>
| #endif
| #ifdef HAVE_SYS_STAT_H
| # include <sys/stat.h>
| #endif
| #ifdef STDC_HEADERS
| # include <stdlib.h>
| # include <stddef.h>
| #else
| # ifdef HAVE_STDLIB_H
| #  include <stdlib.h>
| # endif
| #endif
| #ifdef HAVE_STRING_H
| # if !defined STDC_HEADERS && defined HAVE_MEMORY_H
| #  include <memory.h>
| # endif
| # include <string.h>
| #endif
| #ifdef HAVE_STRINGS_H
| # include <strings.h>
| #endif
| #ifdef HAVE_INTTYPES_H
| # include <inttypes.h>
| #endif
| #ifdef HAVE_STDINT_H
| # include <stdint.h>
| #endif
| #ifdef HAVE_UNISTD_H
| # include <unistd.h>
| #endif
| 
| #include <dlfcn.h>
configure:7336: result: no
configure:7520: checking for objdir
configure:7535: result: .libs
configure:7827: checking if xenon-gcc supports -fno-rtti -fno-exceptions
configure:7845: xenon-gcc -c -m32 -fno-pic -mpowerpc64 -I/usr/local/xenon/usr/include/ -Wall -Ilibxenon_miss  -fno-rtti -fno-exceptions conftest.c >&5
cc1: warning: command line option '-fno-rtti' is valid for C++/ObjC++ but not for C [enabled by default]
configure:7849: $? = 0
configure:7862: result: no
configure:7882: checking for xenon-gcc option to produce PIC
configure:8154: result: -fPIC -DPIC
configure:8166: checking if xenon-gcc PIC flag -fPIC -DPIC works
configure:8184: xenon-gcc -c -m32 -fno-pic -mpowerpc64 -I/usr/local/xenon/usr/include/ -Wall -Ilibxenon_miss  -fPIC -DPIC -DPIC conftest.c >&5
configure:8188: $? = 0
configure:8201: result: yes
configure:8225: checking if xenon-gcc static flag -static works
configure:8253: result: yes
configure:8268: checking if xenon-gcc supports -c -o file.o
configure:8289: xenon-gcc -c -m32 -fno-pic -mpowerpc64 -I/usr/local/xenon/usr/include/ -Wall -Ilibxenon_miss  -o out/conftest2.o conftest.c >&5
configure:8293: $? = 0
configure:8315: result: yes
configure:8323: checking if xenon-gcc supports -c -o file.o
configure:8370: result: yes
configure:8403: checking whether the xenon-gcc linker (/usr/local/xenon/xenon/bin/ld) supports shared libraries
configure:9477: result: yes
configure:9716: checking dynamic linker characteristics
configure:10402: result: no
configure:10504: checking how to hardcode library paths into programs
configure:10529: result: immediate
configure:11362: checking whether stripping libraries is possible
configure:11367: result: yes
configure:11402: checking if libtool supports shared libraries
configure:11404: result: no
configure:11407: checking whether to build shared libraries
configure:11428: result: no
configure:11431: checking whether to build static libraries
configure:11435: result: yes
configure:11470: checking for native Win32
configure:11476: result: no
configure:11486: checking for some Win32 platform
configure:11492: result: no
configure:11505: checking for ANSI C header files
configure:11673: result: yes
configure:11694: checking for stdlib.h
configure:11701: result: yes
configure:11694: checking for string.h
configure:11701: result: yes
configure:11694: checking for strings.h
configure:11701: result: no
configure:11694: checking for inttypes.h
configure:11701: result: yes
configure:11705: checking wchar.h usability
configure:11722: xenon-gcc -c -m32 -fno-pic -mpowerpc64 -I/usr/local/xenon/usr/include/ -Wall -Ilibxenon_miss  conftest.c >&5
configure:11729: $? = 0
configure:11743: result: yes
configure:11747: checking wchar.h presence
configure:11762: xenon-gcc -E  conftest.c
configure:11769: $? = 0
configure:11783: result: yes
configure:11816: checking for wchar.h
configure:11825: result: yes
configure:11705: checking asm/page.h usability
configure:11722: xenon-gcc -c -m32 -fno-pic -mpowerpc64 -I/usr/local/xenon/usr/include/ -Wall -Ilibxenon_miss  conftest.c >&5
conftest.c:57:22: fatal error: asm/page.h: No such file or directory
compilation terminated.
configure:11729: $? = 1
configure: failed program was:
| /* confdefs.h.  */
| #define PACKAGE_NAME "GNU FriBidi"
| #define PACKAGE_TARNAME "fribidi"
| #define PACKAGE_VERSION "0.19.2"
| #define PACKAGE_STRING "GNU FriBidi 0.19.2"
| #define PACKAGE_BUGREPORT "http://fribidi.org/bug"
| #define PACKAGE "fribidi"
| #define VERSION "0.19.2"
| #define STDC_HEADERS 1
| #define HAVE_SYS_TYPES_H 1
| #define HAVE_SYS_STAT_H 1
| #define HAVE_STDLIB_H 1
| #define HAVE_STRING_H 1
| #define HAVE_INTTYPES_H 1
| #define HAVE_STDINT_H 1
| #define HAVE_UNISTD_H 1
| #define LT_OBJDIR ".libs/"
| #define STDC_HEADERS 1
| #define HAVE_STDLIB_H 1
| #define HAVE_STRING_H 1
| #define HAVE_INTTYPES_H 1
| #define HAVE_WCHAR_H 1
| /* end confdefs.h.  */
| #include <stdio.h>
| #ifdef HAVE_SYS_TYPES_H
| # include <sys/types.h>
| #endif
| #ifdef HAVE_SYS_STAT_H
| # include <sys/stat.h>
| #endif
| #ifdef STDC_HEADERS
| # include <stdlib.h>
| # include <stddef.h>
| #else
| # ifdef HAVE_STDLIB_H
| #  include <stdlib.h>
| # endif
| #endif
| #ifdef HAVE_STRING_H
| # if !defined STDC_HEADERS && defined HAVE_MEMORY_H
| #  include <memory.h>
| # endif
| # include <string.h>
| #endif
| #ifdef HAVE_STRINGS_H
| # include <strings.h>
| #endif
| #ifdef HAVE_INTTYPES_H
| # include <inttypes.h>
| #endif
| #ifdef HAVE_STDINT_H
| # include <stdint.h>
| #endif
| #ifdef HAVE_UNISTD_H
| # include <unistd.h>
| #endif
| #include <asm/page.h>
configure:11743: result: no
configure:11747: checking asm/page.h presence
configure:11762: xenon-gcc -E  conftest.c
conftest.c:24:22: fatal error: asm/page.h: No such file or directory
compilation terminated.
configure:11769: $? = 1
configure: failed program was:
| /* confdefs.h.  */
| #define PACKAGE_NAME "GNU FriBidi"
| #define PACKAGE_TARNAME "fribidi"
| #define PACKAGE_VERSION "0.19.2"
| #define PACKAGE_STRING "GNU FriBidi 0.19.2"
| #define PACKAGE_BUGREPORT "http://fribidi.org/bug"
| #define PACKAGE "fribidi"
| #define VERSION "0.19.2"
| #define STDC_HEADERS 1
| #define HAVE_SYS_TYPES_H 1
| #define HAVE_SYS_STAT_H 1
| #define HAVE_STDLIB_H 1
| #define HAVE_STRING_H 1
| #define HAVE_INTTYPES_H 1
| #define HAVE_STDINT_H 1
| #define HAVE_UNISTD_H 1
| #define LT_OBJDIR ".libs/"
| #define STDC_HEADERS 1
| #define HAVE_STDLIB_H 1
| #define HAVE_STRING_H 1
| #define HAVE_INTTYPES_H 1
| #define HAVE_WCHAR_H 1
| /* end confdefs.h.  */
| #include <asm/page.h>
configure:11783: result: no
configure:11816: checking for asm/page.h
configure:11825: result: no
configure:11705: checking sys/times.h usability
configure:11722: xenon-gcc -c -m32 -fno-pic -mpowerpc64 -I/usr/local/xenon/usr/include/ -Wall -Ilibxenon_miss  conftest.c >&5
configure:11729: $? = 0
configure:11743: result: yes
configure:11747: checking sys/times.h presence
configure:11762: xenon-gcc -E  conftest.c
configure:11769: $? = 0
configure:11783: result: yes
configure:11816: checking for sys/times.h
configure:11825: result: yes
configure:11842: checking for an ANSI C-conforming const
configure:11917: xenon-gcc -c -m32 -fno-pic -mpowerpc64 -I/usr/local/xenon/usr/include/ -Wall -Ilibxenon_miss  conftest.c >&5
conftest.c: In function 'main':
conftest.c:54:10: warning: 't' is used uninitialized in this function [-Wuninitialized]
conftest.c:70:23: warning: 'b' may be used uninitialized in this function [-Wuninitialized]
configure:11924: $? = 0
configure:11939: result: yes
configure:11949: checking for preprocessor stringizing operator
configure:11973: result: yes
configure:11987: checking size of int
configure:12017: xenon-gcc -c -m32 -fno-pic -mpowerpc64 -I/usr/local/xenon/usr/include/ -Wall -Ilibxenon_miss  conftest.c >&5
conftest.c: In function 'main':
conftest.c:62:12: warning: variable 'test_array' set but not used [-Wunused-but-set-variable]
configure:12024: $? = 0
configure:12054: xenon-gcc -c -m32 -fno-pic -mpowerpc64 -I/usr/local/xenon/usr/include/ -Wall -Ilibxenon_miss  conftest.c >&5
conftest.c: In function 'main':
conftest.c:62:12: error: size of array 'test_array' is negative
conftest.c:62:12: warning: variable 'test_array' set but not used [-Wunused-but-set-variable]
configure:12061: $? = 1
configure: failed program was:
| /* confdefs.h.  */
| #define PACKAGE_NAME "GNU FriBidi"
| #define PACKAGE_TARNAME "fribidi"
| #define PACKAGE_VERSION "0.19.2"
| #define PACKAGE_STRING "GNU FriBidi 0.19.2"
| #define PACKAGE_BUGREPORT "http://fribidi.org/bug"
| #define PACKAGE "fribidi"
| #define VERSION "0.19.2"
| #define STDC_HEADERS 1
| #define HAVE_SYS_TYPES_H 1
| #define HAVE_SYS_STAT_H 1
| #define HAVE_STDLIB_H 1
| #define HAVE_STRING_H 1
| #define HAVE_INTTYPES_H 1
| #define HAVE_STDINT_H 1
| #define HAVE_UNISTD_H 1
| #define LT_OBJDIR ".libs/"
| #define STDC_HEADERS 1
| #define HAVE_STDLIB_H 1
| #define HAVE_STRING_H 1
| #define HAVE_INTTYPES_H 1
| #define HAVE_WCHAR_H 1
| #define HAVE_SYS_TIMES_H 1
| #define HAVE_STRINGIZE 1
| /* end confdefs.h.  */
| #include <stdio.h>
| #ifdef HAVE_SYS_TYPES_H
| # include <sys/types.h>
| #endif
| #ifdef HAVE_SYS_STAT_H
| # include <sys/stat.h>
| #endif
| #ifdef STDC_HEADERS
| # include <stdlib.h>
| # include <stddef.h>
| #else
| # ifdef HAVE_STDLIB_H
| #  include <stdlib.h>
| # endif
| #endif
| #ifdef HAVE_STRING_H
| # if !defined STDC_HEADERS && defined HAVE_MEMORY_H
| #  include <memory.h>
| # endif
| # include <string.h>
| #endif
| #ifdef HAVE_STRINGS_H
| # include <strings.h>
| #endif
| #ifdef HAVE_INTTYPES_H
| # include <inttypes.h>
| #endif
| #ifdef HAVE_STDINT_H
| # include <stdint.h>
| #endif
| #ifdef HAVE_UNISTD_H
| # include <unistd.h>
| #endif
| int
| main ()
| {
| static int test_array [1 - 2 * !(((long int) (sizeof (int))) <= 0)];
| test_array [0] = 0
| 
|   ;
|   return 0;
| }
configure:12054: xenon-gcc -c -m32 -fno-pic -mpowerpc64 -I/usr/local/xenon/usr/include/ -Wall -Ilibxenon_miss  conftest.c >&5
conftest.c: In function 'main':
conftest.c:62:12: error: size of array 'test_array' is negative
conftest.c:62:12: warning: variable 'test_array' set but not used [-Wunused-but-set-variable]
configure:12061: $? = 1
configure: failed program was:
| /* confdefs.h.  */
| #define PACKAGE_NAME "GNU FriBidi"
| #define PACKAGE_TARNAME "fribidi"
| #define PACKAGE_VERSION "0.19.2"
| #define PACKAGE_STRING "GNU FriBidi 0.19.2"
| #define PACKAGE_BUGREPORT "http://fribidi.org/bug"
| #define PACKAGE "fribidi"
| #define VERSION "0.19.2"
| #define STDC_HEADERS 1
| #define HAVE_SYS_TYPES_H 1
| #define HAVE_SYS_STAT_H 1
| #define HAVE_STDLIB_H 1
| #define HAVE_STRING_H 1
| #define HAVE_INTTYPES_H 1
| #define HAVE_STDINT_H 1
| #define HAVE_UNISTD_H 1
| #define LT_OBJDIR ".libs/"
| #define STDC_HEADERS 1
| #define HAVE_STDLIB_H 1
| #define HAVE_STRING_H 1
| #define HAVE_INTTYPES_H 1
| #define HAVE_WCHAR_H 1
| #define HAVE_SYS_TIMES_H 1
| #define HAVE_STRINGIZE 1
| /* end confdefs.h.  */
| #include <stdio.h>
| #ifdef HAVE_SYS_TYPES_H
| # include <sys/types.h>
| #endif
| #ifdef HAVE_SYS_STAT_H
| # include <sys/stat.h>
| #endif
| #ifdef STDC_HEADERS
| # include <stdlib.h>
| # include <stddef.h>
| #else
| # ifdef HAVE_STDLIB_H
| #  include <stdlib.h>
| # endif
| #endif
| #ifdef HAVE_STRING_H
| # if !defined STDC_HEADERS && defined HAVE_MEMORY_H
| #  include <memory.h>
| # endif
| # include <string.h>
| #endif
| #ifdef HAVE_STRINGS_H
| # include <strings.h>
| #endif
| #ifdef HAVE_INTTYPES_H
| # include <inttypes.h>
| #endif
| #ifdef HAVE_STDINT_H
| # include <stdint.h>
| #endif
| #ifdef HAVE_UNISTD_H
| # include <unistd.h>
| #endif
| int
| main ()
| {
| static int test_array [1 - 2 * !(((long int) (sizeof (int))) <= 1)];
| test_array [0] = 0
| 
|   ;
|   return 0;
| }
configure:12054: xenon-gcc -c -m32 -fno-pic -mpowerpc64 -I/usr/local/xenon/usr/include/ -Wall -Ilibxenon_miss  conftest.c >&5
conftest.c: In function 'main':
conftest.c:62:12: error: size of array 'test_array' is negative
conftest.c:62:12: warning: variable 'test_array' set but not used [-Wunused-but-set-variable]
configure:12061: $? = 1
configure: failed program was:
| /* confdefs.h.  */
| #define PACKAGE_NAME "GNU FriBidi"
| #define PACKAGE_TARNAME "fribidi"
| #define PACKAGE_VERSION "0.19.2"
| #define PACKAGE_STRING "GNU FriBidi 0.19.2"
| #define PACKAGE_BUGREPORT "http://fribidi.org/bug"
| #define PACKAGE "fribidi"
| #define VERSION "0.19.2"
| #define STDC_HEADERS 1
| #define HAVE_SYS_TYPES_H 1
| #define HAVE_SYS_STAT_H 1
| #define HAVE_STDLIB_H 1
| #define HAVE_STRING_H 1
| #define HAVE_INTTYPES_H 1
| #define HAVE_STDINT_H 1
| #define HAVE_UNISTD_H 1
| #define LT_OBJDIR ".libs/"
| #define STDC_HEADERS 1
| #define HAVE_STDLIB_H 1
| #define HAVE_STRING_H 1
| #define HAVE_INTTYPES_H 1
| #define HAVE_WCHAR_H 1
| #define HAVE_SYS_TIMES_H 1
| #define HAVE_STRINGIZE 1
| /* end confdefs.h.  */
| #include <stdio.h>
| #ifdef HAVE_SYS_TYPES_H
| # include <sys/types.h>
| #endif
| #ifdef HAVE_SYS_STAT_H
| # include <sys/stat.h>
| #endif
| #ifdef STDC_HEADERS
| # include <stdlib.h>
| # include <stddef.h>
| #else
| # ifdef HAVE_STDLIB_H
| #  include <stdlib.h>
| # endif
| #endif
| #ifdef HAVE_STRING_H
| # if !defined STDC_HEADERS && defined HAVE_MEMORY_H
| #  include <memory.h>
| # endif
| # include <string.h>
| #endif
| #ifdef HAVE_STRINGS_H
| # include <strings.h>
| #endif
| #ifdef HAVE_INTTYPES_H
| # include <inttypes.h>
| #endif
| #ifdef HAVE_STDINT_H
| # include <stdint.h>
| #endif
| #ifdef HAVE_UNISTD_H
| # include <unistd.h>
| #endif
| int
| main ()
| {
| static int test_array [1 - 2 * !(((long int) (sizeof (int))) <= 3)];
| test_array [0] = 0
| 
|   ;
|   return 0;
| }
configure:12054: xenon-gcc -c -m32 -fno-pic -mpowerpc64 -I/usr/local/xenon/usr/include/ -Wall -Ilibxenon_miss  conftest.c >&5
conftest.c: In function 'main':
conftest.c:62:12: warning: variable 'test_array' set but not used [-Wunused-but-set-variable]
configure:12061: $? = 0
configure:12209: xenon-gcc -c -m32 -fno-pic -mpowerpc64 -I/usr/local/xenon/usr/include/ -Wall -Ilibxenon_miss  conftest.c >&5
conftest.c: In function 'main':
conftest.c:62:12: warning: variable 'test_array' set but not used [-Wunused-but-set-variable]
configure:12216: $? = 0
configure:12209: xenon-gcc -c -m32 -fno-pic -mpowerpc64 -I/usr/local/xenon/usr/include/ -Wall -Ilibxenon_miss  conftest.c >&5
conftest.c: In function 'main':
conftest.c:62:12: warning: variable 'test_array' set but not used [-Wunused-but-set-variable]
configure:12216: $? = 0
configure:12332: result: 4
configure:12348: checking size of short
configure:12378: xenon-gcc -c -m32 -fno-pic -mpowerpc64 -I/usr/local/xenon/usr/include/ -Wall -Ilibxenon_miss  conftest.c >&5
conftest.c: In function 'main':
conftest.c:63:12: warning: variable 'test_array' set but not used [-Wunused-but-set-variable]
configure:12385: $? = 0
configure:12415: xenon-gcc -c -m32 -fno-pic -mpowerpc64 -I/usr/local/xenon/usr/include/ -Wall -Ilibxenon_miss  conftest.c >&5
conftest.c: In function 'main':
conftest.c:63:12: error: size of array 'test_array' is negative
conftest.c:63:12: warning: variable 'test_array' set but not used [-Wunused-but-set-variable]
configure:12422: $? = 1
configure: failed program was:
| /* confdefs.h.  */
| #define PACKAGE_NAME "GNU FriBidi"
| #define PACKAGE_TARNAME "fribidi"
| #define PACKAGE_VERSION "0.19.2"
| #define PACKAGE_STRING "GNU FriBidi 0.19.2"
| #define PACKAGE_BUGREPORT "http://fribidi.org/bug"
| #define PACKAGE "fribidi"
| #define VERSION "0.19.2"
| #define STDC_HEADERS 1
| #define HAVE_SYS_TYPES_H 1
| #define HAVE_SYS_STAT_H 1
| #define HAVE_STDLIB_H 1
| #define HAVE_STRING_H 1
| #define HAVE_INTTYPES_H 1
| #define HAVE_STDINT_H 1
| #define HAVE_UNISTD_H 1
| #define LT_OBJDIR ".libs/"
| #define STDC_HEADERS 1
| #define HAVE_STDLIB_H 1
| #define HAVE_STRING_H 1
| #define HAVE_INTTYPES_H 1
| #define HAVE_WCHAR_H 1
| #define HAVE_SYS_TIMES_H 1
| #define HAVE_STRINGIZE 1
| #define SIZEOF_INT 4
| /* end confdefs.h.  */
| #include <stdio.h>
| #ifdef HAVE_SYS_TYPES_H
| # include <sys/types.h>
| #endif
| #ifdef HAVE_SYS_STAT_H
| # include <sys/stat.h>
| #endif
| #ifdef STDC_HEADERS
| # include <stdlib.h>
| # include <stddef.h>
| #else
| # ifdef HAVE_STDLIB_H
| #  include <stdlib.h>
| # endif
| #endif
| #ifdef HAVE_STRING_H
| # if !defined STDC_HEADERS && defined HAVE_MEMORY_H
| #  include <memory.h>
| # endif
| # include <string.h>
| #endif
| #ifdef HAVE_STRINGS_H
| # include <strings.h>
| #endif
| #ifdef HAVE_INTTYPES_H
| # include <inttypes.h>
| #endif
| #ifdef HAVE_STDINT_H
| # include <stdint.h>
| #endif
| #ifdef HAVE_UNISTD_H
| # include <unistd.h>
| #endif
| int
| main ()
| {
| static int test_array [1 - 2 * !(((long int) (sizeof (short))) <= 0)];
| test_array [0] = 0
| 
|   ;
|   return 0;
| }
configure:12415: xenon-gcc -c -m32 -fno-pic -mpowerpc64 -I/usr/local/xenon/usr/include/ -Wall -Ilibxenon_miss  conftest.c >&5
conftest.c: In function 'main':
conftest.c:63:12: error: size of array 'test_array' is negative
conftest.c:63:12: warning: variable 'test_array' set but not used [-Wunused-but-set-variable]
configure:12422: $? = 1
configure: failed program was:
| /* confdefs.h.  */
| #define PACKAGE_NAME "GNU FriBidi"
| #define PACKAGE_TARNAME "fribidi"
| #define PACKAGE_VERSION "0.19.2"
| #define PACKAGE_STRING "GNU FriBidi 0.19.2"
| #define PACKAGE_BUGREPORT "http://fribidi.org/bug"
| #define PACKAGE "fribidi"
| #define VERSION "0.19.2"
| #define STDC_HEADERS 1
| #define HAVE_SYS_TYPES_H 1
| #define HAVE_SYS_STAT_H 1
| #define HAVE_STDLIB_H 1
| #define HAVE_STRING_H 1
| #define HAVE_INTTYPES_H 1
| #define HAVE_STDINT_H 1
| #define HAVE_UNISTD_H 1
| #define LT_OBJDIR ".libs/"
| #define STDC_HEADERS 1
| #define HAVE_STDLIB_H 1
| #define HAVE_STRING_H 1
| #define HAVE_INTTYPES_H 1
| #define HAVE_WCHAR_H 1
| #define HAVE_SYS_TIMES_H 1
| #define HAVE_STRINGIZE 1
| #define SIZEOF_INT 4
| /* end confdefs.h.  */
| #include <stdio.h>
| #ifdef HAVE_SYS_TYPES_H
| # include <sys/types.h>
| #endif
| #ifdef HAVE_SYS_STAT_H
| # include <sys/stat.h>
| #endif
| #ifdef STDC_HEADERS
| # include <stdlib.h>
| # include <stddef.h>
| #else
| # ifdef HAVE_STDLIB_H
| #  include <stdlib.h>
| # endif
| #endif
| #ifdef HAVE_STRING_H
| # if !defined STDC_HEADERS && defined HAVE_MEMORY_H
| #  include <memory.h>
| # endif
| # include <string.h>
| #endif
| #ifdef HAVE_STRINGS_H
| # include <strings.h>
| #endif
| #ifdef HAVE_INTTYPES_H
| # include <inttypes.h>
| #endif
| #ifdef HAVE_STDINT_H
| # include <stdint.h>
| #endif
| #ifdef HAVE_UNISTD_H
| # include <unistd.h>
| #endif
| int
| main ()
| {
| static int test_array [1 - 2 * !(((long int) (sizeof (short))) <= 1)];
| test_array [0] = 0
| 
|   ;
|   return 0;
| }
configure:12415: xenon-gcc -c -m32 -fno-pic -mpowerpc64 -I/usr/local/xenon/usr/include/ -Wall -Ilibxenon_miss  conftest.c >&5
conftest.c: In function 'main':
conftest.c:63:12: warning: variable 'test_array' set but not used [-Wunused-but-set-variable]
configure:12422: $? = 0
configure:12570: xenon-gcc -c -m32 -fno-pic -mpowerpc64 -I/usr/local/xenon/usr/include/ -Wall -Ilibxenon_miss  conftest.c >&5
conftest.c: In function 'main':
conftest.c:63:12: warning: variable 'test_array' set but not used [-Wunused-but-set-variable]
configure:12577: $? = 0
configure:12693: result: 2
configure:12707: checking size of void *
configure:12737: xenon-gcc -c -m32 -fno-pic -mpowerpc64 -I/usr/local/xenon/usr/include/ -Wall -Ilibxenon_miss  conftest.c >&5
conftest.c: In function 'main':
conftest.c:64:12: warning: variable 'test_array' set but not used [-Wunused-but-set-variable]
configure:12744: $? = 0
configure:12774: xenon-gcc -c -m32 -fno-pic -mpowerpc64 -I/usr/local/xenon/usr/include/ -Wall -Ilibxenon_miss  conftest.c >&5
conftest.c: In function 'main':
conftest.c:64:12: error: size of array 'test_array' is negative
conftest.c:64:12: warning: variable 'test_array' set but not used [-Wunused-but-set-variable]
configure:12781: $? = 1
configure: failed program was:
| /* confdefs.h.  */
| #define PACKAGE_NAME "GNU FriBidi"
| #define PACKAGE_TARNAME "fribidi"
| #define PACKAGE_VERSION "0.19.2"
| #define PACKAGE_STRING "GNU FriBidi 0.19.2"
| #define PACKAGE_BUGREPORT "http://fribidi.org/bug"
| #define PACKAGE "fribidi"
| #define VERSION "0.19.2"
| #define STDC_HEADERS 1
| #define HAVE_SYS_TYPES_H 1
| #define HAVE_SYS_STAT_H 1
| #define HAVE_STDLIB_H 1
| #define HAVE_STRING_H 1
| #define HAVE_INTTYPES_H 1
| #define HAVE_STDINT_H 1
| #define HAVE_UNISTD_H 1
| #define LT_OBJDIR ".libs/"
| #define STDC_HEADERS 1
| #define HAVE_STDLIB_H 1
| #define HAVE_STRING_H 1
| #define HAVE_INTTYPES_H 1
| #define HAVE_WCHAR_H 1
| #define HAVE_SYS_TIMES_H 1
| #define HAVE_STRINGIZE 1
| #define SIZEOF_INT 4
| #define SIZEOF_SHORT 2
| /* end confdefs.h.  */
| #include <stdio.h>
| #ifdef HAVE_SYS_TYPES_H
| # include <sys/types.h>
| #endif
| #ifdef HAVE_SYS_STAT_H
| # include <sys/stat.h>
| #endif
| #ifdef STDC_HEADERS
| # include <stdlib.h>
| # include <stddef.h>
| #else
| # ifdef HAVE_STDLIB_H
| #  include <stdlib.h>
| # endif
| #endif
| #ifdef HAVE_STRING_H
| # if !defined STDC_HEADERS && defined HAVE_MEMORY_H
| #  include <memory.h>
| # endif
| # include <string.h>
| #endif
| #ifdef HAVE_STRINGS_H
| # include <strings.h>
| #endif
| #ifdef HAVE_INTTYPES_H
| # include <inttypes.h>
| #endif
| #ifdef HAVE_STDINT_H
| # include <stdint.h>
| #endif
| #ifdef HAVE_UNISTD_H
| # include <unistd.h>
| #endif
| int
| main ()
| {
| static int test_array [1 - 2 * !(((long int) (sizeof (void *))) <= 0)];
| test_array [0] = 0
| 
|   ;
|   return 0;
| }
configure:12774: xenon-gcc -c -m32 -fno-pic -mpowerpc64 -I/usr/local/xenon/usr/include/ -Wall -Ilibxenon_miss  conftest.c >&5
conftest.c: In function 'main':
conftest.c:64:12: error: size of array 'test_array' is negative
conftest.c:64:12: warning: variable 'test_array' set but not used [-Wunused-but-set-variable]
configure:12781: $? = 1
configure: failed program was:
| /* confdefs.h.  */
| #define PACKAGE_NAME "GNU FriBidi"
| #define PACKAGE_TARNAME "fribidi"
| #define PACKAGE_VERSION "0.19.2"
| #define PACKAGE_STRING "GNU FriBidi 0.19.2"
| #define PACKAGE_BUGREPORT "http://fribidi.org/bug"
| #define PACKAGE "fribidi"
| #define VERSION "0.19.2"
| #define STDC_HEADERS 1
| #define HAVE_SYS_TYPES_H 1
| #define HAVE_SYS_STAT_H 1
| #define HAVE_STDLIB_H 1
| #define HAVE_STRING_H 1
| #define HAVE_INTTYPES_H 1
| #define HAVE_STDINT_H 1
| #define HAVE_UNISTD_H 1
| #define LT_OBJDIR ".libs/"
| #define STDC_HEADERS 1
| #define HAVE_STDLIB_H 1
| #define HAVE_STRING_H 1
| #define HAVE_INTTYPES_H 1
| #define HAVE_WCHAR_H 1
| #define HAVE_SYS_TIMES_H 1
| #define HAVE_STRINGIZE 1
| #define SIZEOF_INT 4
| #define SIZEOF_SHORT 2
| /* end confdefs.h.  */
| #include <stdio.h>
| #ifdef HAVE_SYS_TYPES_H
| # include <sys/types.h>
| #endif
| #ifdef HAVE_SYS_STAT_H
| # include <sys/stat.h>
| #endif
| #ifdef STDC_HEADERS
| # include <stdlib.h>
| # include <stddef.h>
| #else
| # ifdef HAVE_STDLIB_H
| #  include <stdlib.h>
| # endif
| #endif
| #ifdef HAVE_STRING_H
| # if !defined STDC_HEADERS && defined HAVE_MEMORY_H
| #  include <memory.h>
| # endif
| # include <string.h>
| #endif
| #ifdef HAVE_STRINGS_H
| # include <strings.h>
| #endif
| #ifdef HAVE_INTTYPES_H
| # include <inttypes.h>
| #endif
| #ifdef HAVE_STDINT_H
| # include <stdint.h>
| #endif
| #ifdef HAVE_UNISTD_H
| # include <unistd.h>
| #endif
| int
| main ()
| {
| static int test_array [1 - 2 * !(((long int) (sizeof (void *))) <= 1)];
| test_array [0] = 0
| 
|   ;
|   return 0;
| }
configure:12774: xenon-gcc -c -m32 -fno-pic -mpowerpc64 -I/usr/local/xenon/usr/include/ -Wall -Ilibxenon_miss  conftest.c >&5
conftest.c: In function 'main':
conftest.c:64:12: error: size of array 'test_array' is negative
conftest.c:64:12: warning: variable 'test_array' set but not used [-Wunused-but-set-variable]
configure:12781: $? = 1
configure: failed program was:
| /* confdefs.h.  */
| #define PACKAGE_NAME "GNU FriBidi"
| #define PACKAGE_TARNAME "fribidi"
| #define PACKAGE_VERSION "0.19.2"
| #define PACKAGE_STRING "GNU FriBidi 0.19.2"
| #define PACKAGE_BUGREPORT "http://fribidi.org/bug"
| #define PACKAGE "fribidi"
| #define VERSION "0.19.2"
| #define STDC_HEADERS 1
| #define HAVE_SYS_TYPES_H 1
| #define HAVE_SYS_STAT_H 1
| #define HAVE_STDLIB_H 1
| #define HAVE_STRING_H 1
| #define HAVE_INTTYPES_H 1
| #define HAVE_STDINT_H 1
| #define HAVE_UNISTD_H 1
| #define LT_OBJDIR ".libs/"
| #define STDC_HEADERS 1
| #define HAVE_STDLIB_H 1
| #define HAVE_STRING_H 1
| #define HAVE_INTTYPES_H 1
| #define HAVE_WCHAR_H 1
| #define HAVE_SYS_TIMES_H 1
| #define HAVE_STRINGIZE 1
| #define SIZEOF_INT 4
| #define SIZEOF_SHORT 2
| /* end confdefs.h.  */
| #include <stdio.h>
| #ifdef HAVE_SYS_TYPES_H
| # include <sys/types.h>
| #endif
| #ifdef HAVE_SYS_STAT_H
| # include <sys/stat.h>
| #endif
| #ifdef STDC_HEADERS
| # include <stdlib.h>
| # include <stddef.h>
| #else
| # ifdef HAVE_STDLIB_H
| #  include <stdlib.h>
| # endif
| #endif
| #ifdef HAVE_STRING_H
| # if !defined STDC_HEADERS && defined HAVE_MEMORY_H
| #  include <memory.h>
| # endif
| # include <string.h>
| #endif
| #ifdef HAVE_STRINGS_H
| # include <strings.h>
| #endif
| #ifdef HAVE_INTTYPES_H
| # include <inttypes.h>
| #endif
| #ifdef HAVE_STDINT_H
| # include <stdint.h>
| #endif
| #ifdef HAVE_UNISTD_H
| # include <unistd.h>
| #endif
| int
| main ()
| {
| static int test_array [1 - 2 * !(((long int) (sizeof (void *))) <= 3)];
| test_array [0] = 0
| 
|   ;
|   return 0;
| }
configure:12774: xenon-gcc -c -m32 -fno-pic -mpowerpc64 -I/usr/local/xenon/usr/include/ -Wall -Ilibxenon_miss  conftest.c >&5
conftest.c: In function 'main':
conftest.c:64:12: warning: variable 'test_array' set but not used [-Wunused-but-set-variable]
configure:12781: $? = 0
configure:12929: xenon-gcc -c -m32 -fno-pic -mpowerpc64 -I/usr/local/xenon/usr/include/ -Wall -Ilibxenon_miss  conftest.c >&5
conftest.c: In function 'main':
conftest.c:64:12: warning: variable 'test_array' set but not used [-Wunused-but-set-variable]
configure:12936: $? = 0
configure:12929: xenon-gcc -c -m32 -fno-pic -mpowerpc64 -I/usr/local/xenon/usr/include/ -Wall -Ilibxenon_miss  conftest.c >&5
conftest.c: In function 'main':
conftest.c:64:12: warning: variable 'test_array' set but not used [-Wunused-but-set-variable]
configure:12936: $? = 0
configure:13052: result: 4
configure:13066: checking size of wchar_t
configure:13096: xenon-gcc -c -m32 -fno-pic -mpowerpc64 -I/usr/local/xenon/usr/include/ -Wall -Ilibxenon_miss  conftest.c >&5
conftest.c: In function 'main':
conftest.c:65:12: warning: variable 'test_array' set but not used [-Wunused-but-set-variable]
configure:13103: $? = 0
configure:13133: xenon-gcc -c -m32 -fno-pic -mpowerpc64 -I/usr/local/xenon/usr/include/ -Wall -Ilibxenon_miss  conftest.c >&5
conftest.c: In function 'main':
conftest.c:65:12: error: size of array 'test_array' is negative
conftest.c:65:12: warning: variable 'test_array' set but not used [-Wunused-but-set-variable]
configure:13140: $? = 1
configure: failed program was:
| /* confdefs.h.  */
| #define PACKAGE_NAME "GNU FriBidi"
| #define PACKAGE_TARNAME "fribidi"
| #define PACKAGE_VERSION "0.19.2"
| #define PACKAGE_STRING "GNU FriBidi 0.19.2"
| #define PACKAGE_BUGREPORT "http://fribidi.org/bug"
| #define PACKAGE "fribidi"
| #define VERSION "0.19.2"
| #define STDC_HEADERS 1
| #define HAVE_SYS_TYPES_H 1
| #define HAVE_SYS_STAT_H 1
| #define HAVE_STDLIB_H 1
| #define HAVE_STRING_H 1
| #define HAVE_INTTYPES_H 1
| #define HAVE_STDINT_H 1
| #define HAVE_UNISTD_H 1
| #define LT_OBJDIR ".libs/"
| #define STDC_HEADERS 1
| #define HAVE_STDLIB_H 1
| #define HAVE_STRING_H 1
| #define HAVE_INTTYPES_H 1
| #define HAVE_WCHAR_H 1
| #define HAVE_SYS_TIMES_H 1
| #define HAVE_STRINGIZE 1
| #define SIZEOF_INT 4
| #define SIZEOF_SHORT 2
| #define SIZEOF_VOID_P 4
| /* end confdefs.h.  */
| #include <stdio.h>
| #ifdef HAVE_SYS_TYPES_H
| # include <sys/types.h>
| #endif
| #ifdef HAVE_SYS_STAT_H
| # include <sys/stat.h>
| #endif
| #ifdef STDC_HEADERS
| # include <stdlib.h>
| # include <stddef.h>
| #else
| # ifdef HAVE_STDLIB_H
| #  include <stdlib.h>
| # endif
| #endif
| #ifdef HAVE_STRING_H
| # if !defined STDC_HEADERS && defined HAVE_MEMORY_H
| #  include <memory.h>
| # endif
| # include <string.h>
| #endif
| #ifdef HAVE_STRINGS_H
| # include <strings.h>
| #endif
| #ifdef HAVE_INTTYPES_H
| # include <inttypes.h>
| #endif
| #ifdef HAVE_STDINT_H
| # include <stdint.h>
| #endif
| #ifdef HAVE_UNISTD_H
| # include <unistd.h>
| #endif
| int
| main ()
| {
| static int test_array [1 - 2 * !(((long int) (sizeof (wchar_t))) <= 0)];
| test_array [0] = 0
| 
|   ;
|   return 0;
| }
configure:13133: xenon-gcc -c -m32 -fno-pic -mpowerpc64 -I/usr/local/xenon/usr/include/ -Wall -Ilibxenon_miss  conftest.c >&5
conftest.c: In function 'main':
conftest.c:65:12: error: size of array 'test_array' is negative
conftest.c:65:12: warning: variable 'test_array' set but not used [-Wunused-but-set-variable]
configure:13140: $? = 1
configure: failed program was:
| /* confdefs.h.  */
| #define PACKAGE_NAME "GNU FriBidi"
| #define PACKAGE_TARNAME "fribidi"
| #define PACKAGE_VERSION "0.19.2"
| #define PACKAGE_STRING "GNU FriBidi 0.19.2"
| #define PACKAGE_BUGREPORT "http://fribidi.org/bug"
| #define PACKAGE "fribidi"
| #define VERSION "0.19.2"
| #define STDC_HEADERS 1
| #define HAVE_SYS_TYPES_H 1
| #define HAVE_SYS_STAT_H 1
| #define HAVE_STDLIB_H 1
| #define HAVE_STRING_H 1
| #define HAVE_INTTYPES_H 1
| #define HAVE_STDINT_H 1
| #define HAVE_UNISTD_H 1
| #define LT_OBJDIR ".libs/"
| #define STDC_HEADERS 1
| #define HAVE_STDLIB_H 1
| #define HAVE_STRING_H 1
| #define HAVE_INTTYPES_H 1
| #define HAVE_WCHAR_H 1
| #define HAVE_SYS_TIMES_H 1
| #define HAVE_STRINGIZE 1
| #define SIZEOF_INT 4
| #define SIZEOF_SHORT 2
| #define SIZEOF_VOID_P 4
| /* end confdefs.h.  */
| #include <stdio.h>
| #ifdef HAVE_SYS_TYPES_H
| # include <sys/types.h>
| #endif
| #ifdef HAVE_SYS_STAT_H
| # include <sys/stat.h>
| #endif
| #ifdef STDC_HEADERS
| # include <stdlib.h>
| # include <stddef.h>
| #else
| # ifdef HAVE_STDLIB_H
| #  include <stdlib.h>
| # endif
| #endif
| #ifdef HAVE_STRING_H
| # if !defined STDC_HEADERS && defined HAVE_MEMORY_H
| #  include <memory.h>
| # endif
| # include <string.h>
| #endif
| #ifdef HAVE_STRINGS_H
| # include <strings.h>
| #endif
| #ifdef HAVE_INTTYPES_H
| # include <inttypes.h>
| #endif
| #ifdef HAVE_STDINT_H
| # include <stdint.h>
| #endif
| #ifdef HAVE_UNISTD_H
| # include <unistd.h>
| #endif
| int
| main ()
| {
| static int test_array [1 - 2 * !(((long int) (sizeof (wchar_t))) <= 1)];
| test_array [0] = 0
| 
|   ;
|   return 0;
| }
configure:13133: xenon-gcc -c -m32 -fno-pic -mpowerpc64 -I/usr/local/xenon/usr/include/ -Wall -Ilibxenon_miss  conftest.c >&5
conftest.c: In function 'main':
conftest.c:65:12: error: size of array 'test_array' is negative
conftest.c:65:12: warning: variable 'test_array' set but not used [-Wunused-but-set-variable]
configure:13140: $? = 1
configure: failed program was:
| /* confdefs.h.  */
| #define PACKAGE_NAME "GNU FriBidi"
| #define PACKAGE_TARNAME "fribidi"
| #define PACKAGE_VERSION "0.19.2"
| #define PACKAGE_STRING "GNU FriBidi 0.19.2"
| #define PACKAGE_BUGREPORT "http://fribidi.org/bug"
| #define PACKAGE "fribidi"
| #define VERSION "0.19.2"
| #define STDC_HEADERS 1
| #define HAVE_SYS_TYPES_H 1
| #define HAVE_SYS_STAT_H 1
| #define HAVE_STDLIB_H 1
| #define HAVE_STRING_H 1
| #define HAVE_INTTYPES_H 1
| #define HAVE_STDINT_H 1
| #define HAVE_UNISTD_H 1
| #define LT_OBJDIR ".libs/"
| #define STDC_HEADERS 1
| #define HAVE_STDLIB_H 1
| #define HAVE_STRING_H 1
| #define HAVE_INTTYPES_H 1
| #define HAVE_WCHAR_H 1
| #define HAVE_SYS_TIMES_H 1
| #define HAVE_STRINGIZE 1
| #define SIZEOF_INT 4
| #define SIZEOF_SHORT 2
| #define SIZEOF_VOID_P 4
| /* end confdefs.h.  */
| #include <stdio.h>
| #ifdef HAVE_SYS_TYPES_H
| # include <sys/types.h>
| #endif
| #ifdef HAVE_SYS_STAT_H
| # include <sys/stat.h>
| #endif
| #ifdef STDC_HEADERS
| # include <stdlib.h>
| # include <stddef.h>
| #else
| # ifdef HAVE_STDLIB_H
| #  include <stdlib.h>
| # endif
| #endif
| #ifdef HAVE_STRING_H
| # if !defined STDC_HEADERS && defined HAVE_MEMORY_H
| #  include <memory.h>
| # endif
| # include <string.h>
| #endif
| #ifdef HAVE_STRINGS_H
| # include <strings.h>
| #endif
| #ifdef HAVE_INTTYPES_H
| # include <inttypes.h>
| #endif
| #ifdef HAVE_STDINT_H
| # include <stdint.h>
| #endif
| #ifdef HAVE_UNISTD_H
| # include <unistd.h>
| #endif
| int
| main ()
| {
| static int test_array [1 - 2 * !(((long int) (sizeof (wchar_t))) <= 3)];
| test_array [0] = 0
| 
|   ;
|   return 0;
| }
configure:13133: xenon-gcc -c -m32 -fno-pic -mpowerpc64 -I/usr/local/xenon/usr/include/ -Wall -Ilibxenon_miss  conftest.c >&5
conftest.c: In function 'main':
conftest.c:65:12: warning: variable 'test_array' set but not used [-Wunused-but-set-variable]
configure:13140: $? = 0
configure:13288: xenon-gcc -c -m32 -fno-pic -mpowerpc64 -I/usr/local/xenon/usr/include/ -Wall -Ilibxenon_miss  conftest.c >&5
conftest.c: In function 'main':
conftest.c:65:12: warning: variable 'test_array' set but not used [-Wunused-but-set-variable]
configure:13295: $? = 0
configure:13288: xenon-gcc -c -m32 -fno-pic -mpowerpc64 -I/usr/local/xenon/usr/include/ -Wall -Ilibxenon_miss  conftest.c >&5
conftest.c: In function 'main':
conftest.c:65:12: warning: variable 'test_array' set but not used [-Wunused-but-set-variable]
configure:13295: $? = 0
configure:13411: result: 4
configure:13434: checking for memmove
configure:13490: xenon-gcc -o conftest -m32 -fno-pic -mpowerpc64 -I/usr/local/xenon/usr/include/ -Wall -Ilibxenon_miss -Wall -ansi   -m32 -maltivec -fno-pic -mpowerpc64 -L/usr/local/xenon/usr/lib/ -L/usr/local/xenon/xenon/lib/32/ -lxenon -T/usr/local/xenon/app.lds -u read -u _start -u exc_base conftest.c  >&5
conftest.c:53:6: warning: conflicting types for built-in function 'memmove' [enabled by default]
configure:13497: $? = 0
configure:13519: result: yes
configure:13434: checking for memset
configure:13490: xenon-gcc -o conftest -m32 -fno-pic -mpowerpc64 -I/usr/local/xenon/usr/include/ -Wall -Ilibxenon_miss -Wall -ansi   -m32 -maltivec -fno-pic -mpowerpc64 -L/usr/local/xenon/usr/lib/ -L/usr/local/xenon/xenon/lib/32/ -lxenon -T/usr/local/xenon/app.lds -u read -u _start -u exc_base conftest.c  >&5
conftest.c:54:6: warning: conflicting types for built-in function 'memset' [enabled by default]
configure:13497: $? = 0
configure:13519: result: yes
configure:13434: checking for strdup
configure:13490: xenon-gcc -o conftest -m32 -fno-pic -mpowerpc64 -I/usr/local/xenon/usr/include/ -Wall -Ilibxenon_miss -Wall -ansi   -m32 -maltivec -fno-pic -mpowerpc64 -L/usr/local/xenon/usr/lib/ -L/usr/local/xenon/xenon/lib/32/ -lxenon -T/usr/local/xenon/app.lds -u read -u _start -u exc_base conftest.c  >&5
configure:13497: $? = 0
configure:13519: result: yes
configure:13531: checking return type of signal handlers
configure:13559: xenon-gcc -c -m32 -fno-pic -mpowerpc64 -I/usr/local/xenon/usr/include/ -Wall -Ilibxenon_miss -Wall -ansi   conftest.c >&5
conftest.c: In function 'main':
conftest.c:39:1: error: void value not ignored as it ought to be
configure:13566: $? = 1
configure: failed program was:
| /* confdefs.h.  */
| #define PACKAGE_NAME "GNU FriBidi"
| #define PACKAGE_TARNAME "fribidi"
| #define PACKAGE_VERSION "0.19.2"
| #define PACKAGE_STRING "GNU FriBidi 0.19.2"
| #define PACKAGE_BUGREPORT "http://fribidi.org/bug"
| #define PACKAGE "fribidi"
| #define VERSION "0.19.2"
| #define STDC_HEADERS 1
| #define HAVE_SYS_TYPES_H 1
| #define HAVE_SYS_STAT_H 1
| #define HAVE_STDLIB_H 1
| #define HAVE_STRING_H 1
| #define HAVE_INTTYPES_H 1
| #define HAVE_STDINT_H 1
| #define HAVE_UNISTD_H 1
| #define LT_OBJDIR ".libs/"
| #define STDC_HEADERS 1
| #define HAVE_STDLIB_H 1
| #define HAVE_STRING_H 1
| #define HAVE_INTTYPES_H 1
| #define HAVE_WCHAR_H 1
| #define HAVE_SYS_TIMES_H 1
| #define HAVE_STRINGIZE 1
| #define SIZEOF_INT 4
| #define SIZEOF_SHORT 2
| #define SIZEOF_VOID_P 4
| #define SIZEOF_WCHAR_T 4
| #define HAVE_MEMMOVE 1
| #define HAVE_MEMSET 1
| #define HAVE_STRDUP 1
| /* end confdefs.h.  */
| #include <sys/types.h>
| #include <signal.h>
| 
| int
| main ()
| {
| return *(signal (0, 0)) (0) == 1;
|   ;
|   return 0;
| }
configure:13581: result: void
configure:13901: checking for GLIB
configure:14136: creating ./config.status

## ---------------- ##
## Cache variables. ##
## ---------------- ##

ac_cv_build=x86_64-unknown-linux-gnu
ac_cv_c_compiler_gnu=yes
ac_cv_c_const=yes
ac_cv_c_stringize=yes
ac_cv_env_CC_set=set
ac_cv_env_CC_value=xenon-gcc
ac_cv_env_CFLAGS_set=set
ac_cv_env_CFLAGS_value='-m32 -fno-pic -mpowerpc64 -I/usr/local/xenon/usr/include/ -Wall -Ilibxenon_miss'
ac_cv_env_CPPFLAGS_set=
ac_cv_env_CPPFLAGS_value=
ac_cv_env_CPP_set=
ac_cv_env_CPP_value=
ac_cv_env_GLIB_CFLAGS_set=
ac_cv_env_GLIB_CFLAGS_value=
ac_cv_env_GLIB_LIBS_set=
ac_cv_env_GLIB_LIBS_value=
ac_cv_env_LDFLAGS_set=set
ac_cv_env_LDFLAGS_value='-m32 -maltivec -fno-pic -mpowerpc64 -L/usr/local/xenon/usr/lib/ -L/usr/local/xenon/xenon/lib/32/ -lxenon -T/usr/local/xenon/app.lds -u read -u _start -u exc_base'
ac_cv_env_LIBS_set=
ac_cv_env_LIBS_value=
ac_cv_env_PKG_CONFIG_set=
ac_cv_env_PKG_CONFIG_value=
ac_cv_env_build_alias_set=
ac_cv_env_build_alias_value=
ac_cv_env_host_alias_set=set
ac_cv_env_host_alias_value=ppc
ac_cv_env_target_alias_set=
ac_cv_env_target_alias_value=
ac_cv_func_memmove=yes
ac_cv_func_memset=yes
ac_cv_func_strdup=yes
ac_cv_header_asm_page_h=no
ac_cv_header_dlfcn_h=no
ac_cv_header_inttypes_h=yes
ac_cv_header_memory_h=no
ac_cv_header_stdc=yes
ac_cv_header_stdint_h=yes
ac_cv_header_stdlib_h=yes
ac_cv_header_string_h=yes
ac_cv_header_strings_h=no
ac_cv_header_sys_stat_h=yes
ac_cv_header_sys_times_h=yes
ac_cv_header_sys_types_h=yes
ac_cv_header_unistd_h=yes
ac_cv_header_wchar_h=yes
ac_cv_host=powerpc-unknown-none
ac_cv_objext=o
ac_cv_path_EGREP='/bin/grep -E'
ac_cv_path_FGREP='/bin/grep -F'
ac_cv_path_GREP=/bin/grep
ac_cv_path_SED=/bin/sed
ac_cv_path_install='/usr/bin/install -c'
ac_cv_path_mkdir=/bin/mkdir
ac_cv_prog_AWK=gawk
ac_cv_prog_CC=xenon-gcc
ac_cv_prog_CPP='xenon-gcc -E'
ac_cv_prog_OBJDUMP=objdump
ac_cv_prog_STRIP=strip
ac_cv_prog_ac_ct_AR=ar
ac_cv_prog_ac_ct_DUMPBIN='link -dump -symbols'
ac_cv_prog_ac_ct_RANLIB=ranlib
ac_cv_prog_ac_ct_STRIP=strip
ac_cv_prog_cc_c89=
ac_cv_prog_cc_g=yes
ac_cv_prog_make_make_set=yes
ac_cv_sizeof_int=4
ac_cv_sizeof_short=2
ac_cv_sizeof_void_p=4
ac_cv_sizeof_wchar_t=4
ac_cv_type_signal=void
am_cv_CC_dependencies_compiler_type=gcc3
lt_cv_deplibs_check_method=unknown
lt_cv_file_magic_cmd='$MAGIC_CMD'
lt_cv_file_magic_test_file=
lt_cv_ld_reload_flag=-r
lt_cv_nm_interface='BSD nm'
lt_cv_objdir=.libs
lt_cv_path_LD=/usr/local/xenon/xenon/bin/ld
lt_cv_path_NM=no
lt_cv_prog_compiler_c_o=yes
lt_cv_prog_compiler_pic_works=yes
lt_cv_prog_compiler_rtti_exceptions=no
lt_cv_prog_compiler_static_works=yes
lt_cv_prog_gnu_ld=yes
lt_cv_sys_global_symbol_pipe=
lt_cv_sys_global_symbol_to_c_name_address='sed -n -e '\''s/^: \([^ ]*\) $/  {\"\1\", (void *) 0},/p'\'' -e '\''s/^[BCDEGRST]* \([^ ]*\) \([^ ]*\)$/  {"\2", (void *) \&\2},/p'\'''
lt_cv_sys_global_symbol_to_c_name_address_lib_prefix='sed -n -e '\''s/^: \([^ ]*\) $/  {\"\1\", (void *) 0},/p'\'' -e '\''s/^[BCDEGRST]* \([^ ]*\) \(lib[^ ]*\)$/  {"\2", (void *) \&\2},/p'\'' -e '\''s/^[BCDEGRST]* \([^ ]*\) \([^ ]*\)$/  {"lib\2", (void *) \&\2},/p'\'''
lt_cv_sys_global_symbol_to_cdecl=
lt_cv_sys_max_cmd_len=3458764513820540925

## ----------------- ##
## Output variables. ##
## ----------------- ##

ACLOCAL='${SHELL} /home/cc/xenon/wiimc/libs/fribidi/missing --run aclocal-1.10'
AMDEPBACKSLASH='\'
AMDEP_FALSE='#'
AMDEP_TRUE=''
AMTAR='${SHELL} /home/cc/xenon/wiimc/libs/fribidi/missing --run tar'
AR='ar'
AS='as'
AUTOCONF='${SHELL} /home/cc/xenon/wiimc/libs/fribidi/missing --run autoconf'
AUTOHEADER='${SHELL} /home/cc/xenon/wiimc/libs/fribidi/missing --run autoheader'
AUTOMAKE='${SHELL} /home/cc/xenon/wiimc/libs/fribidi/missing --run automake-1.10'
AWK='gawk'
CC='xenon-gcc'
CCDEPMODE='depmode=gcc3'
CFLAGS='-m32 -fno-pic -mpowerpc64 -I/usr/local/xenon/usr/include/ -Wall -Ilibxenon_miss -Wall -ansi '
CPP='xenon-gcc -E'
CPPFLAGS=''
CYGPATH_W='echo'
DEFS='-DHAVE_CONFIG_H'
DEPDIR='.deps'
DLLTOOL='dlltool'
DSYMUTIL=''
DUMPBIN='link -dump -symbols'
ECHO_C=''
ECHO_N='-n'
ECHO_T=''
EGREP='/bin/grep -E'
EXEEXT=''
FGREP='/bin/grep -F'
FRIBIDI_BINARY_AGE='3'
FRIBIDI_CHARSETS='1'
FRIBIDI_CHARSETS_FALSE='#'
FRIBIDI_CHARSETS_TRUE=''
FRIBIDI_INTERFACE_AGE='1'
FRIBIDI_INTERFACE_VERSION='3'
FRIBIDI_MAJOR_VERSION='0'
FRIBIDI_MICRO_VERSION='2'
FRIBIDI_MINOR_VERSION='19'
FRIBIDI_NO_DEPRECATED='0'
FRIBIDI_USE_GLIB='0'
FRIBIDI_USE_GLIB_FALSE=''
FRIBIDI_USE_GLIB_TRUE='#'
FRIBIDI_VERSION='0.19.2'
GLIB_CFLAGS=''
GLIB_LIBS=''
GREP='/bin/grep'
INSTALL_DATA='${INSTALL} -m 644'
INSTALL_PROGRAM='${INSTALL}'
INSTALL_SCRIPT='${INSTALL}'
INSTALL_STRIP_PROGRAM='$(install_sh) -c -s'
LD='/usr/local/xenon/xenon/bin/ld'
LDFLAGS='-m32 -maltivec -fno-pic -mpowerpc64 -L/usr/local/xenon/usr/lib/ -L/usr/local/xenon/xenon/lib/32/ -lxenon -T/usr/local/xenon/app.lds -u read -u _start -u exc_base'
LIBOBJS=''
LIBS=''
LIBTOOL='$(SHELL) $(top_builddir)/libtool'
LIPO=''
LN_S='ln -s'
LTLIBOBJS=''
LT_CURRENT_MINUS_AGE='0'
LT_VERSION_INFO='3:1:3'
MAKEINFO='${SHELL} /home/cc/xenon/wiimc/libs/fribidi/missing --run makeinfo'
MISC_CFLAGS=''
MISC_LIBS=''
MISC_PACKAGES=''
MKDIR_P='/bin/mkdir -p'
NM='link -dump -symbols'
NMEDIT=''
OBJDUMP='objdump'
OBJEXT='o'
OS_WIN32_FALSE=''
OS_WIN32_TRUE='#'
OTOOL64=''
OTOOL=''
PACKAGE='fribidi'
PACKAGE_BUGREPORT='http://fribidi.org/bug'
PACKAGE_NAME='GNU FriBidi'
PACKAGE_STRING='GNU FriBidi 0.19.2'
PACKAGE_TARNAME='fribidi'
PACKAGE_VERSION='0.19.2'
PATH_SEPARATOR=':'
PKG_CONFIG=''
PLATFORM_WIN32_FALSE=''
PLATFORM_WIN32_TRUE='#'
RANLIB='ranlib'
SED='/bin/sed'
SET_MAKE=''
SHELL='/bin/bash'
SIZEOF_INT='4'
STRIP='strip'
VERSION='0.19.2'
ac_ct_CC=''
ac_ct_DUMPBIN='link -dump -symbols'
am__fastdepCC_FALSE='#'
am__fastdepCC_TRUE=''
am__include='include'
am__isrc=''
am__leading_dot='.'
am__quote=''
am__tar='${AMTAR} chof - "$$tardir"'
am__untar='${AMTAR} xf -'
bindir='${exec_prefix}/bin'
build='x86_64-unknown-linux-gnu'
build_alias=''
build_cpu='x86_64'
build_os='linux-gnu'
build_vendor='unknown'
datadir='${datarootdir}'
datarootdir='${prefix}/share'
docdir='${datarootdir}/doc/${PACKAGE_TARNAME}'
dvidir='${docdir}'
exec_prefix='${prefix}'
host='powerpc-unknown-none'
host_alias='ppc'
host_cpu='powerpc'
host_os='none'
host_vendor='unknown'
htmldir='${docdir}'
includedir='${prefix}/include'
infodir='${datarootdir}/info'
install_sh='$(SHELL) /home/cc/xenon/wiimc/libs/fribidi/install-sh'
libdir='${exec_prefix}/lib'
libexecdir='${exec_prefix}/libexec'
localedir='${datarootdir}/locale'
localstatedir='${prefix}/var'
lt_ECHO='echo'
mandir='${datarootdir}/man'
mkdir_p='/bin/mkdir -p'
oldincludedir='/usr/include'
pdfdir='${docdir}'
prefix='/usr/local/xenon/usr'
program_transform_name='s,x,x,'
psdir='${docdir}'
sbindir='${exec_prefix}/sbin'
sharedstatedir='${prefix}/com'
sysconfdir='${prefix}/etc'
target_alias=''

## ----------- ##
## confdefs.h. ##
## ----------- ##

#define PACKAGE_NAME "GNU FriBidi"
#define PACKAGE_TARNAME "fribidi"
#define PACKAGE_VERSION "0.19.2"
#define PACKAGE_STRING "GNU FriBidi 0.19.2"
#define PACKAGE_BUGREPORT "http://fribidi.org/bug"
#define PACKAGE "fribidi"
#define VERSION "0.19.2"
#define STDC_HEADERS 1
#define HAVE_SYS_TYPES_H 1
#define HAVE_SYS_STAT_H 1
#define HAVE_STDLIB_H 1
#define HAVE_STRING_H 1
#define HAVE_INTTYPES_H 1
#define HAVE_STDINT_H 1
#define HAVE_UNISTD_H 1
#define LT_OBJDIR ".libs/"
#define STDC_HEADERS 1
#define HAVE_STDLIB_H 1
#define HAVE_STRING_H 1
#define HAVE_INTTYPES_H 1
#define HAVE_WCHAR_H 1
#define HAVE_SYS_TIMES_H 1
#define HAVE_STRINGIZE 1
#define SIZEOF_INT 4
#define SIZEOF_SHORT 2
#define SIZEOF_VOID_P 4
#define SIZEOF_WCHAR_T 4
#define HAVE_MEMMOVE 1
#define HAVE_MEMSET 1
#define HAVE_STRDUP 1
#define RETSIGTYPE void
#define DEBUG 1

configure: exit 0

## ---------------------- ##
## Running config.status. ##
## ---------------------- ##

This file was extended by GNU FriBidi config.status 0.19.2, which was
generated by GNU Autoconf 2.63.  Invocation command line was

  CONFIG_FILES    = 
  CONFIG_HEADERS  = 
  CONFIG_LINKS    = 
  CONFIG_COMMANDS = 
  $ ./config.status 

on debian

config.status:1028: creating fribidi.pc
config.status:1028: creating lib/fribidi-config.h
config.status:1028: creating Makefile
config.status:1028: creating charset/Makefile
config.status:1028: creating gen.tab/Makefile
config.status:1028: creating lib/Makefile
config.status:1028: creating config.h
config.status:1250: config.h is unchanged
config.status:1302: executing depfiles commands
config.status:1302: executing libtool commands
